<?xml version="1.0" encoding="UTF-8"?>
<testng-results skipped="0" failed="0" ignored="0" total="1" passed="1">
  <reporter-output>
  </reporter-output>
  <suite name="Default suite" duration-ms="20699" started-at="2019-02-11T11:12:29Z" finished-at="2019-02-11T11:12:50Z">
    <groups>
    </groups>
    <test name="Default test" duration-ms="20699" started-at="2019-02-11T11:12:29Z" finished-at="2019-02-11T11:12:50Z">
      <class name="com.training.functional.tests.CYTC_017PaymentForMember">
        <test-method status="PASS" signature="setUpBeforeClass()[pri:0, instance:com.training.functional.tests.CYTC_017PaymentForMember@3bfdc050]" name="setUpBeforeClass" is-config="true" duration-ms="17" started-at="2019-02-11T11:12:29Z" finished-at="2019-02-11T11:12:29Z">
          <reporter-output>
          </reporter-output>
        </test-method> <!-- setUpBeforeClass -->
        <test-method status="PASS" signature="setUp()[pri:0, instance:com.training.functional.tests.CYTC_017PaymentForMember@3bfdc050]" name="setUp" is-config="true" duration-ms="6552" started-at="2019-02-11T11:12:29Z" finished-at="2019-02-11T11:12:36Z">
          <reporter-output>
          </reporter-output>
        </test-method> <!-- setUp -->
        <test-method status="PASS" signature="validLoginTest()[pri:0, instance:com.training.functional.tests.CYTC_017PaymentForMember@3bfdc050]" name="validLoginTest" duration-ms="12194" started-at="2019-02-11T11:12:36Z" finished-at="2019-02-11T11:12:48Z">
          <reporter-output>
          </reporter-output>
        </test-method> <!-- validLoginTest -->
        <test-method status="PASS" signature="tearDown()[pri:0, instance:com.training.functional.tests.CYTC_017PaymentForMember@3bfdc050]" name="tearDown" is-config="true" duration-ms="1908" started-at="2019-02-11T11:12:48Z" finished-at="2019-02-11T11:12:50Z">
          <reporter-output>
          </reporter-output>
        </test-method> <!-- tearDown -->
      </class> <!-- com.training.functional.tests.CYTC_017PaymentForMember -->
    </test> <!-- Default test -->
  </suite> <!-- Default suite -->
</testng-results>
